{
  "stats": {
    "suites": 1,
    "tests": 4,
    "passes": 4,
    "pending": 0,
    "failures": 0,
    "start": "2022-03-20T07:48:48.256Z",
    "end": "2022-03-20T07:48:48.263Z",
    "duration": 7,
    "testsRegistered": 4,
    "passPercent": 100,
    "pendingPercent": 0,
    "other": 0,
    "hasOther": false,
    "skipped": 0,
    "hasSkipped": false
  },
  "results": [
    {
      "uuid": "85c38073-5041-47a8-b744-68cb0c694d25",
      "title": "",
      "fullFile": "/Users/bhavnabhatia/Documents/Cypress/AxoneCypress/JsBasics/MochaExercise/specs/calcSpecs.js",
      "file": "/specs/calcSpecs.js",
      "beforeHooks": [],
      "afterHooks": [],
      "tests": [],
      "suites": [
        {
          "uuid": "6e6d9f2e-0ccb-4e15-bbb6-1fc92ba8766f",
          "title": "Test Calculator",
          "fullFile": "/Users/bhavnabhatia/Documents/Cypress/AxoneCypress/JsBasics/MochaExercise/specs/calcSpecs.js",
          "file": "/specs/calcSpecs.js",
          "beforeHooks": [
            {
              "title": "\"before all\" hook in \"Test Calculator\"",
              "fullTitle": "Test Calculator \"before all\" hook in \"Test Calculator\"",
              "timedOut": false,
              "duration": 0,
              "state": null,
              "speed": null,
              "pass": false,
              "fail": false,
              "pending": false,
              "context": null,
              "code": "Calculator = new calc()",
              "err": {},
              "uuid": "eac052ff-3f03-4331-bf47-c89301cfef4c",
              "parentUUID": "6e6d9f2e-0ccb-4e15-bbb6-1fc92ba8766f",
              "isHook": true,
              "skipped": false
            }
          ],
          "afterHooks": [],
          "tests": [
            {
              "title": "Addition Test",
              "fullTitle": "Test Calculator Addition Test",
              "timedOut": false,
              "duration": 0,
              "state": "passed",
              "speed": "fast",
              "pass": true,
              "fail": false,
              "pending": false,
              "context": null,
              "code": "const RESULT = Calculator.add(10, 5);\nassert.equal(RESULT,15,\"Values does not match\")",
              "err": {},
              "uuid": "562f79be-3381-457b-bc79-2fde5486144f",
              "parentUUID": "6e6d9f2e-0ccb-4e15-bbb6-1fc92ba8766f",
              "isHook": false,
              "skipped": false
            },
            {
              "title": "Substraction ",
              "fullTitle": "Test Calculator Substraction ",
              "timedOut": false,
              "duration": 0,
              "state": "passed",
              "speed": "fast",
              "pass": true,
              "fail": false,
              "pending": false,
              "context": null,
              "code": "const RESULT = Calculator.sub(10,5)\nassert.equal(RESULT,5,\"Substraction is incorrect\")",
              "err": {},
              "uuid": "e8ada824-47fd-42c8-b7d7-7fae9760e021",
              "parentUUID": "6e6d9f2e-0ccb-4e15-bbb6-1fc92ba8766f",
              "isHook": false,
              "skipped": false
            },
            {
              "title": "Multiplication",
              "fullTitle": "Test Calculator Multiplication",
              "timedOut": false,
              "duration": 0,
              "state": "passed",
              "speed": "fast",
              "pass": true,
              "fail": false,
              "pending": false,
              "context": null,
              "code": "const RESULT = Calculator.mul(10,5)\nassert.equal(RESULT,50,\"Multiplication is incorrect\")",
              "err": {},
              "uuid": "1d2337f9-14d1-4470-b545-5fe363e41d0f",
              "parentUUID": "6e6d9f2e-0ccb-4e15-bbb6-1fc92ba8766f",
              "isHook": false,
              "skipped": false
            },
            {
              "title": "Division",
              "fullTitle": "Test Calculator Division",
              "timedOut": false,
              "duration": 0,
              "state": "passed",
              "speed": "fast",
              "pass": true,
              "fail": false,
              "pending": false,
              "context": null,
              "code": "const RESULT = Calculator.div(10,5)\nassert.equal(RESULT,2,\"Division is incorrect\")",
              "err": {},
              "uuid": "e0599fbd-3e19-48e7-9d2a-020f8ae0fa7a",
              "parentUUID": "6e6d9f2e-0ccb-4e15-bbb6-1fc92ba8766f",
              "isHook": false,
              "skipped": false
            }
          ],
          "suites": [],
          "passes": [
            "562f79be-3381-457b-bc79-2fde5486144f",
            "e8ada824-47fd-42c8-b7d7-7fae9760e021",
            "1d2337f9-14d1-4470-b545-5fe363e41d0f",
            "e0599fbd-3e19-48e7-9d2a-020f8ae0fa7a"
          ],
          "failures": [],
          "pending": [],
          "skipped": [],
          "duration": 0,
          "root": false,
          "rootEmpty": false,
          "_timeout": 2000
        }
      ],
      "passes": [],
      "failures": [],
      "pending": [],
      "skipped": [],
      "duration": 0,
      "root": true,
      "rootEmpty": true,
      "_timeout": 2000
    }
  ],
  "meta": {
    "mocha": {
      "version": "9.2.2"
    },
    "mochawesome": {
      "options": {
        "quiet": false,
        "reportFilename": "mochawesome",
        "saveHtml": true,
        "saveJson": true,
        "consoleReporter": "spec",
        "useInlineDiffs": false,
        "code": true
      },
      "version": "7.1.2"
    },
    "marge": {
      "options": null,
      "version": "6.1.1"
    }
  }
}