{
  "stats": {
    "suites": 4,
    "tests": 7,
    "passes": 7,
    "pending": 0,
    "failures": 0,
    "start": "2022-03-19T08:29:56.865Z",
    "end": "2022-03-19T08:29:56.877Z",
    "duration": 12,
    "testsRegistered": 7,
    "passPercent": 100,
    "pendingPercent": 0,
    "other": 0,
    "hasOther": false,
    "skipped": 0,
    "hasSkipped": false
  },
  "results": [
    {
      "uuid": "cf73ee2a-4997-4877-8095-918adb9b3252",
      "title": "",
      "fullFile": "",
      "file": "",
      "beforeHooks": [],
      "afterHooks": [],
      "tests": [],
      "suites": [
        {
          "uuid": "d1071329-0d23-487c-ae7b-67c18cb18076",
          "title": "First Test Suite",
          "fullFile": "/Users/bhavnabhatia/Documents/Cypress/AxoneCypress/JsBasics/Mocha/specs/oneSpec.js",
          "file": "/specs/oneSpec.js",
          "beforeHooks": [],
          "afterHooks": [],
          "tests": [
            {
              "title": "First Test",
              "fullTitle": "First Test Suite First Test",
              "timedOut": false,
              "duration": 0,
              "state": "passed",
              "speed": "fast",
              "pass": true,
              "fail": false,
              "pending": false,
              "context": null,
              "code": "//body of test\nconsole.log('First Test')",
              "err": {},
              "uuid": "99f4a797-6100-4014-993d-66425dabea26",
              "parentUUID": "d1071329-0d23-487c-ae7b-67c18cb18076",
              "isHook": false,
              "skipped": false
            },
            {
              "title": "Second Test",
              "fullTitle": "First Test Suite Second Test",
              "timedOut": false,
              "duration": 0,
              "state": "passed",
              "speed": "fast",
              "pass": true,
              "fail": false,
              "pending": false,
              "context": null,
              "code": "//body of test\nconsole.log('Second Test')",
              "err": {},
              "uuid": "1019316b-aecc-4fee-bed8-1e7bd2b10c24",
              "parentUUID": "d1071329-0d23-487c-ae7b-67c18cb18076",
              "isHook": false,
              "skipped": false
            }
          ],
          "suites": [],
          "passes": [
            "99f4a797-6100-4014-993d-66425dabea26",
            "1019316b-aecc-4fee-bed8-1e7bd2b10c24"
          ],
          "failures": [],
          "pending": [],
          "skipped": [],
          "duration": 0,
          "root": false,
          "rootEmpty": false,
          "_timeout": 2000
        },
        {
          "uuid": "8897efe7-18ad-4c60-a9a1-f1e1200d96ab",
          "title": "Second Test Suite",
          "fullFile": "/Users/bhavnabhatia/Documents/Cypress/AxoneCypress/JsBasics/Mocha/specs/oneSpec.js",
          "file": "/specs/oneSpec.js",
          "beforeHooks": [],
          "afterHooks": [],
          "tests": [
            {
              "title": "2nd - First Test",
              "fullTitle": "Second Test Suite 2nd - First Test",
              "timedOut": false,
              "duration": 0,
              "state": "passed",
              "speed": "fast",
              "pass": true,
              "fail": false,
              "pending": false,
              "context": null,
              "code": "//body of test\nconsole.log('First Test')",
              "err": {},
              "uuid": "c262b37c-c772-4e28-8075-12f10ae8e1b2",
              "parentUUID": "8897efe7-18ad-4c60-a9a1-f1e1200d96ab",
              "isHook": false,
              "skipped": false
            },
            {
              "title": "2nd - Second Test",
              "fullTitle": "Second Test Suite 2nd - Second Test",
              "timedOut": false,
              "duration": 0,
              "state": "passed",
              "speed": "fast",
              "pass": true,
              "fail": false,
              "pending": false,
              "context": null,
              "code": "//body of test\nconsole.log('Second Test')",
              "err": {},
              "uuid": "8b0b1d6b-475c-4d6e-a4b9-f2774a87fcf9",
              "parentUUID": "8897efe7-18ad-4c60-a9a1-f1e1200d96ab",
              "isHook": false,
              "skipped": false
            }
          ],
          "suites": [
            {
              "uuid": "f69878d4-1296-49d4-96ee-474e3e22ef83",
              "title": "Describe in Describe",
              "fullFile": "/Users/bhavnabhatia/Documents/Cypress/AxoneCypress/JsBasics/Mocha/specs/oneSpec.js",
              "file": "/specs/oneSpec.js",
              "beforeHooks": [],
              "afterHooks": [],
              "tests": [
                {
                  "title": "5th test",
                  "fullTitle": "Second Test Suite Describe in Describe 5th test",
                  "timedOut": false,
                  "duration": 0,
                  "state": "passed",
                  "speed": "fast",
                  "pass": true,
                  "fail": false,
                  "pending": false,
                  "context": null,
                  "code": "console.log(\"5th test\")",
                  "err": {},
                  "uuid": "e91acc34-4a35-4d75-a80c-d1bd5c59e91a",
                  "parentUUID": "f69878d4-1296-49d4-96ee-474e3e22ef83",
                  "isHook": false,
                  "skipped": false
                }
              ],
              "suites": [],
              "passes": [
                "e91acc34-4a35-4d75-a80c-d1bd5c59e91a"
              ],
              "failures": [],
              "pending": [],
              "skipped": [],
              "duration": 0,
              "root": false,
              "rootEmpty": false,
              "_timeout": 2000
            }
          ],
          "passes": [
            "c262b37c-c772-4e28-8075-12f10ae8e1b2",
            "8b0b1d6b-475c-4d6e-a4b9-f2774a87fcf9"
          ],
          "failures": [],
          "pending": [],
          "skipped": [],
          "duration": 0,
          "root": false,
          "rootEmpty": false,
          "_timeout": 2000
        },
        {
          "uuid": "8512e1c4-18ad-4ac2-86be-d472f6856e44",
          "title": "First Test Suite",
          "fullFile": "/Users/bhavnabhatia/Documents/Cypress/AxoneCypress/JsBasics/Mocha/specs/twoSpec.js",
          "file": "/specs/twoSpec.js",
          "beforeHooks": [
            {
              "title": "\"before all\" hook: Before Block in \"First Test Suite\"",
              "fullTitle": "First Test Suite \"before all\" hook: Before Block in \"First Test Suite\"",
              "timedOut": false,
              "duration": 0,
              "state": null,
              "speed": null,
              "pass": false,
              "fail": false,
              "pending": false,
              "context": null,
              "code": "console.log(\"Before All \")",
              "err": {},
              "uuid": "9d4b1d75-f1ce-4fda-a9ac-c98e039cf5f9",
              "parentUUID": "8512e1c4-18ad-4ac2-86be-d472f6856e44",
              "isHook": true,
              "skipped": false
            },
            {
              "title": "\"before each\" hook: Before Each Block in \"First Test Suite\"",
              "fullTitle": "First Test Suite \"before each\" hook: Before Each Block in \"First Test Suite\"",
              "timedOut": false,
              "duration": 0,
              "state": null,
              "speed": null,
              "pass": false,
              "fail": false,
              "pending": false,
              "context": null,
              "code": "console.log('Before Each')",
              "err": {},
              "uuid": "53554af2-814b-4f22-9359-e7511d84f822",
              "parentUUID": "8512e1c4-18ad-4ac2-86be-d472f6856e44",
              "isHook": true,
              "skipped": false
            }
          ],
          "afterHooks": [
            {
              "title": "\"after all\" hook: After block  in \"First Test Suite\"",
              "fullTitle": "First Test Suite \"after all\" hook: After block  in \"First Test Suite\"",
              "timedOut": false,
              "duration": 0,
              "state": null,
              "speed": null,
              "pass": false,
              "fail": false,
              "pending": false,
              "context": null,
              "code": "console.log('After block test')",
              "err": {},
              "uuid": "038e99bb-a3b3-4019-949a-3e239b75ed72",
              "parentUUID": "8512e1c4-18ad-4ac2-86be-d472f6856e44",
              "isHook": true,
              "skipped": false
            },
            {
              "title": "\"after each\" hook: After Each block  in \"First Test Suite\"",
              "fullTitle": "First Test Suite \"after each\" hook: After Each block  in \"First Test Suite\"",
              "timedOut": false,
              "duration": 0,
              "state": null,
              "speed": null,
              "pass": false,
              "fail": false,
              "pending": false,
              "context": null,
              "code": "console.log('After each block test')",
              "err": {},
              "uuid": "7330b6de-6f15-4ee4-8a13-61a07fc55279",
              "parentUUID": "8512e1c4-18ad-4ac2-86be-d472f6856e44",
              "isHook": true,
              "skipped": false
            }
          ],
          "tests": [
            {
              "title": "First Test",
              "fullTitle": "First Test Suite First Test",
              "timedOut": false,
              "duration": 0,
              "state": "passed",
              "speed": "fast",
              "pass": true,
              "fail": false,
              "pending": false,
              "context": null,
              "code": "//body of test\nconsole.log('First Test')",
              "err": {},
              "uuid": "aee8925c-9292-4378-96cc-6d54e5284c22",
              "parentUUID": "8512e1c4-18ad-4ac2-86be-d472f6856e44",
              "isHook": false,
              "skipped": false
            },
            {
              "title": "Second Test",
              "fullTitle": "First Test Suite Second Test",
              "timedOut": false,
              "duration": 0,
              "state": "passed",
              "speed": "fast",
              "pass": true,
              "fail": false,
              "pending": false,
              "context": null,
              "code": "//body of test\nconsole.log('Second Test')",
              "err": {},
              "uuid": "45791402-9d12-4bdc-ad04-e86c57818045",
              "parentUUID": "8512e1c4-18ad-4ac2-86be-d472f6856e44",
              "isHook": false,
              "skipped": false
            }
          ],
          "suites": [],
          "passes": [
            "aee8925c-9292-4378-96cc-6d54e5284c22",
            "45791402-9d12-4bdc-ad04-e86c57818045"
          ],
          "failures": [],
          "pending": [],
          "skipped": [],
          "duration": 0,
          "root": false,
          "rootEmpty": false,
          "_timeout": 2000
        }
      ],
      "passes": [],
      "failures": [],
      "pending": [],
      "skipped": [],
      "duration": 0,
      "root": true,
      "rootEmpty": true,
      "_timeout": 2000
    }
  ],
  "meta": {
    "mocha": {
      "version": "9.2.2"
    },
    "mochawesome": {
      "options": {
        "quiet": false,
        "reportFilename": "mochawesome",
        "saveHtml": true,
        "saveJson": true,
        "consoleReporter": "spec",
        "useInlineDiffs": false,
        "code": true
      },
      "version": "7.1.2"
    },
    "marge": {
      "options": null,
      "version": "6.1.1"
    }
  }
}