{
  "stats": {
    "suites": 5,
    "tests": 10,
    "passes": 7,
    "pending": 0,
    "failures": 3,
    "start": "2022-03-19T09:24:53.940Z",
    "end": "2022-03-19T09:24:53.956Z",
    "duration": 16,
    "testsRegistered": 10,
    "passPercent": 70,
    "pendingPercent": 0,
    "other": 0,
    "hasOther": false,
    "skipped": 0,
    "hasSkipped": false
  },
  "results": [
    {
      "uuid": "3cd6309a-6cd3-4d27-b1a1-b7327199e7ae",
      "title": "",
      "fullFile": "",
      "file": "",
      "beforeHooks": [],
      "afterHooks": [],
      "tests": [],
      "suites": [
        {
          "uuid": "c06e74d7-8467-4692-84bc-eda924b650f9",
          "title": "Chai Assertions",
          "fullFile": "/Users/bhavnabhatia/Documents/Cypress/AxoneCypress/JsBasics/Mocha/specs/chaiTest.js",
          "file": "/specs/chaiTest.js",
          "beforeHooks": [],
          "afterHooks": [],
          "tests": [
            {
              "title": "Assertions with chai",
              "fullTitle": "Chai Assertions Assertions with chai",
              "timedOut": false,
              "duration": 1,
              "state": "failed",
              "speed": null,
              "pass": false,
              "fail": true,
              "pending": false,
              "context": null,
              "code": "let expected = 'Shridhar'\nlet actual = 'Shri'\nexpect(actual).to.equal(expected)",
              "err": {
                "message": "AssertionError: expected 'Shri' to equal 'Shridhar'",
                "estack": "AssertionError: expected 'Shri' to equal 'Shridhar'\n    at Context.<anonymous> (file:///Users/bhavnabhatia/Documents/Cypress/AxoneCypress/JsBasics/Mocha/specs/chaiTest.js:7:27)\n    at processImmediate (internal/timers.js:461:21)",
                "diff": "- Shri\n+ Shridhar\n"
              },
              "uuid": "668b1ee8-0521-4963-a296-c9d90f43cad3",
              "parentUUID": "c06e74d7-8467-4692-84bc-eda924b650f9",
              "isHook": false,
              "skipped": false
            },
            {
              "title": "Assertions with chai with Assert",
              "fullTitle": "Chai Assertions Assertions with chai with Assert",
              "timedOut": false,
              "duration": 1,
              "state": "failed",
              "speed": null,
              "pass": false,
              "fail": true,
              "pending": false,
              "context": null,
              "code": "let expected = 'Shridhar'\nlet actual = 'Shri'\n// expect(actual).to.equal(expected)\nassert.equal(expected,actual,\"Text does not match\")",
              "err": {
                "message": "AssertionError: Text does not match: expected 'Shridhar' to equal 'Shri'",
                "estack": "AssertionError: Text does not match: expected 'Shridhar' to equal 'Shri'\n    at Context.<anonymous> (file:///Users/bhavnabhatia/Documents/Cypress/AxoneCypress/JsBasics/Mocha/specs/chaiTest.js:15:16)\n    at processImmediate (internal/timers.js:461:21)",
                "diff": "- Shridhar\n+ Shri\n"
              },
              "uuid": "ae72b342-da75-4c9b-bc12-7ca9fb1481b1",
              "parentUUID": "c06e74d7-8467-4692-84bc-eda924b650f9",
              "isHook": false,
              "skipped": false
            },
            {
              "title": "Assertions with chai with Assert",
              "fullTitle": "Chai Assertions Assertions with chai with Assert",
              "timedOut": false,
              "duration": 1,
              "state": "failed",
              "speed": null,
              "pass": false,
              "fail": true,
              "pending": false,
              "context": null,
              "code": "let a = [1,2,3]\nexpect(a).to.include(9)",
              "err": {
                "message": "AssertionError: expected [ 1, 2, 3 ] to include 9",
                "estack": "AssertionError: expected [ 1, 2, 3 ] to include 9\n    at Context.<anonymous> (file:///Users/bhavnabhatia/Documents/Cypress/AxoneCypress/JsBasics/Mocha/specs/chaiTest.js:29:22)\n    at processImmediate (internal/timers.js:461:21)",
                "diff": null
              },
              "uuid": "985d3efc-c9b4-4891-8833-242803e64240",
              "parentUUID": "c06e74d7-8467-4692-84bc-eda924b650f9",
              "isHook": false,
              "skipped": false
            }
          ],
          "suites": [],
          "passes": [],
          "failures": [
            "668b1ee8-0521-4963-a296-c9d90f43cad3",
            "ae72b342-da75-4c9b-bc12-7ca9fb1481b1",
            "985d3efc-c9b4-4891-8833-242803e64240"
          ],
          "pending": [],
          "skipped": [],
          "duration": 3,
          "root": false,
          "rootEmpty": false,
          "_timeout": 2000
        },
        {
          "uuid": "5fe3972b-7a23-4991-bc84-70125cbe13ef",
          "title": "First Test Suite",
          "fullFile": "/Users/bhavnabhatia/Documents/Cypress/AxoneCypress/JsBasics/Mocha/specs/oneSpec.js",
          "file": "/specs/oneSpec.js",
          "beforeHooks": [],
          "afterHooks": [],
          "tests": [
            {
              "title": "First Test",
              "fullTitle": "First Test Suite First Test",
              "timedOut": false,
              "duration": 0,
              "state": "passed",
              "speed": "fast",
              "pass": true,
              "fail": false,
              "pending": false,
              "context": null,
              "code": "//body of test\nconsole.log('First Test')",
              "err": {},
              "uuid": "780baefd-3d17-4728-8c3e-4b03f09dea27",
              "parentUUID": "5fe3972b-7a23-4991-bc84-70125cbe13ef",
              "isHook": false,
              "skipped": false
            },
            {
              "title": "Second Test",
              "fullTitle": "First Test Suite Second Test",
              "timedOut": false,
              "duration": 0,
              "state": "passed",
              "speed": "fast",
              "pass": true,
              "fail": false,
              "pending": false,
              "context": null,
              "code": "//body of test\nconsole.log('Second Test')",
              "err": {},
              "uuid": "24490f41-77bc-486b-b784-8a2193ec87af",
              "parentUUID": "5fe3972b-7a23-4991-bc84-70125cbe13ef",
              "isHook": false,
              "skipped": false
            }
          ],
          "suites": [],
          "passes": [
            "780baefd-3d17-4728-8c3e-4b03f09dea27",
            "24490f41-77bc-486b-b784-8a2193ec87af"
          ],
          "failures": [],
          "pending": [],
          "skipped": [],
          "duration": 0,
          "root": false,
          "rootEmpty": false,
          "_timeout": 2000
        },
        {
          "uuid": "b843b3cb-ab38-499a-93c8-801c9b250b7a",
          "title": "Second Test Suite",
          "fullFile": "/Users/bhavnabhatia/Documents/Cypress/AxoneCypress/JsBasics/Mocha/specs/oneSpec.js",
          "file": "/specs/oneSpec.js",
          "beforeHooks": [],
          "afterHooks": [],
          "tests": [
            {
              "title": "2nd - First Test",
              "fullTitle": "Second Test Suite 2nd - First Test",
              "timedOut": false,
              "duration": 0,
              "state": "passed",
              "speed": "fast",
              "pass": true,
              "fail": false,
              "pending": false,
              "context": null,
              "code": "//body of test\nconsole.log('First Test')",
              "err": {},
              "uuid": "07298f6a-89f5-49ca-9871-1cb262ecfd40",
              "parentUUID": "b843b3cb-ab38-499a-93c8-801c9b250b7a",
              "isHook": false,
              "skipped": false
            },
            {
              "title": "2nd - Second Test",
              "fullTitle": "Second Test Suite 2nd - Second Test",
              "timedOut": false,
              "duration": 1,
              "state": "passed",
              "speed": "fast",
              "pass": true,
              "fail": false,
              "pending": false,
              "context": null,
              "code": "//body of test\nconsole.log('Second Test')",
              "err": {},
              "uuid": "030374f0-8def-4e6b-a94a-86b37f245af8",
              "parentUUID": "b843b3cb-ab38-499a-93c8-801c9b250b7a",
              "isHook": false,
              "skipped": false
            }
          ],
          "suites": [
            {
              "uuid": "b76466a4-1895-4700-be09-d672a4e7e20a",
              "title": "Describe in Describe",
              "fullFile": "/Users/bhavnabhatia/Documents/Cypress/AxoneCypress/JsBasics/Mocha/specs/oneSpec.js",
              "file": "/specs/oneSpec.js",
              "beforeHooks": [],
              "afterHooks": [],
              "tests": [
                {
                  "title": "5th test",
                  "fullTitle": "Second Test Suite Describe in Describe 5th test",
                  "timedOut": false,
                  "duration": 0,
                  "state": "passed",
                  "speed": "fast",
                  "pass": true,
                  "fail": false,
                  "pending": false,
                  "context": null,
                  "code": "console.log(\"5th test\")",
                  "err": {},
                  "uuid": "2a519731-fb3c-412f-aa57-1f0388b8dc1d",
                  "parentUUID": "b76466a4-1895-4700-be09-d672a4e7e20a",
                  "isHook": false,
                  "skipped": false
                }
              ],
              "suites": [],
              "passes": [
                "2a519731-fb3c-412f-aa57-1f0388b8dc1d"
              ],
              "failures": [],
              "pending": [],
              "skipped": [],
              "duration": 0,
              "root": false,
              "rootEmpty": false,
              "_timeout": 2000
            }
          ],
          "passes": [
            "07298f6a-89f5-49ca-9871-1cb262ecfd40",
            "030374f0-8def-4e6b-a94a-86b37f245af8"
          ],
          "failures": [],
          "pending": [],
          "skipped": [],
          "duration": 1,
          "root": false,
          "rootEmpty": false,
          "_timeout": 2000
        },
        {
          "uuid": "c400265a-5762-42f1-afff-e64eefcab28c",
          "title": "First Test Suite",
          "fullFile": "/Users/bhavnabhatia/Documents/Cypress/AxoneCypress/JsBasics/Mocha/specs/twoSpec.js",
          "file": "/specs/twoSpec.js",
          "beforeHooks": [
            {
              "title": "\"before all\" hook: Before Block in \"First Test Suite\"",
              "fullTitle": "First Test Suite \"before all\" hook: Before Block in \"First Test Suite\"",
              "timedOut": false,
              "duration": 0,
              "state": null,
              "speed": null,
              "pass": false,
              "fail": false,
              "pending": false,
              "context": null,
              "code": "console.log(\"Before All \")",
              "err": {},
              "uuid": "6837b4bc-4e04-42e4-aa8c-d30e3fe792e6",
              "parentUUID": "c400265a-5762-42f1-afff-e64eefcab28c",
              "isHook": true,
              "skipped": false
            },
            {
              "title": "\"before each\" hook: Before Each Block in \"First Test Suite\"",
              "fullTitle": "First Test Suite \"before each\" hook: Before Each Block in \"First Test Suite\"",
              "timedOut": false,
              "duration": 0,
              "state": null,
              "speed": null,
              "pass": false,
              "fail": false,
              "pending": false,
              "context": null,
              "code": "console.log('Before Each')",
              "err": {},
              "uuid": "755341c6-ba7e-43f1-a956-9029511a78e5",
              "parentUUID": "c400265a-5762-42f1-afff-e64eefcab28c",
              "isHook": true,
              "skipped": false
            }
          ],
          "afterHooks": [
            {
              "title": "\"after all\" hook: After block  in \"First Test Suite\"",
              "fullTitle": "First Test Suite \"after all\" hook: After block  in \"First Test Suite\"",
              "timedOut": false,
              "duration": 0,
              "state": null,
              "speed": null,
              "pass": false,
              "fail": false,
              "pending": false,
              "context": null,
              "code": "console.log('After block test')",
              "err": {},
              "uuid": "b4e34c8c-8a52-4eca-a81c-89704b70308e",
              "parentUUID": "c400265a-5762-42f1-afff-e64eefcab28c",
              "isHook": true,
              "skipped": false
            },
            {
              "title": "\"after each\" hook: After Each block  in \"First Test Suite\"",
              "fullTitle": "First Test Suite \"after each\" hook: After Each block  in \"First Test Suite\"",
              "timedOut": false,
              "duration": 0,
              "state": null,
              "speed": null,
              "pass": false,
              "fail": false,
              "pending": false,
              "context": null,
              "code": "console.log('After each block test')",
              "err": {},
              "uuid": "f169bf47-b0b3-44e1-9e90-057b3e4e61dd",
              "parentUUID": "c400265a-5762-42f1-afff-e64eefcab28c",
              "isHook": true,
              "skipped": false
            }
          ],
          "tests": [
            {
              "title": "First Test",
              "fullTitle": "First Test Suite First Test",
              "timedOut": false,
              "duration": 0,
              "state": "passed",
              "speed": "fast",
              "pass": true,
              "fail": false,
              "pending": false,
              "context": null,
              "code": "//body of test\nconsole.log('First Test')",
              "err": {},
              "uuid": "ce3a4825-875b-4ccb-a4fe-24830dd253c7",
              "parentUUID": "c400265a-5762-42f1-afff-e64eefcab28c",
              "isHook": false,
              "skipped": false
            },
            {
              "title": "Second Test",
              "fullTitle": "First Test Suite Second Test",
              "timedOut": false,
              "duration": 0,
              "state": "passed",
              "speed": "fast",
              "pass": true,
              "fail": false,
              "pending": false,
              "context": null,
              "code": "//body of test\nconsole.log('Second Test')",
              "err": {},
              "uuid": "8d0b0414-44d9-4490-98a4-27f1ad3c7203",
              "parentUUID": "c400265a-5762-42f1-afff-e64eefcab28c",
              "isHook": false,
              "skipped": false
            }
          ],
          "suites": [],
          "passes": [
            "ce3a4825-875b-4ccb-a4fe-24830dd253c7",
            "8d0b0414-44d9-4490-98a4-27f1ad3c7203"
          ],
          "failures": [],
          "pending": [],
          "skipped": [],
          "duration": 0,
          "root": false,
          "rootEmpty": false,
          "_timeout": 2000
        }
      ],
      "passes": [],
      "failures": [],
      "pending": [],
      "skipped": [],
      "duration": 0,
      "root": true,
      "rootEmpty": true,
      "_timeout": 2000
    }
  ],
  "meta": {
    "mocha": {
      "version": "9.2.2"
    },
    "mochawesome": {
      "options": {
        "quiet": false,
        "reportFilename": "testreport",
        "saveHtml": true,
        "saveJson": true,
        "consoleReporter": "spec",
        "useInlineDiffs": false,
        "code": true
      },
      "version": "7.1.2"
    },
    "marge": {
      "options": {
        "reportDir": "reports",
        "reportFilename": "testreport"
      },
      "version": "6.1.1"
    }
  }
}